2025-07-16 18:05:25,630 - INFO - MASSIVE DATA PREPROCESSOR [20GB+ MODE]
2025-07-16 18:05:25,632 - INFO - Workers: 8 | Batch size: 50,000
2025-07-16 18:05:25,633 - INFO - Input: ../../Data/Raw | Output: ../backend/data/processed
2025-07-16 18:05:25,633 - INFO - Found 30 files to process
2025-07-16 18:05:25,733 - INFO - Database writer started...
2025-07-16 18:05:27,481 - INFO - Creating database indexes...
2025-07-16 18:05:27,483 - INFO - Writer finished: 750 documents in 1.8 seconds
2025-07-16 18:05:27,506 - INFO - 
PROCESSING COMPLETE!
2025-07-16 18:05:27,507 - INFO - ============================================================
2025-07-16 18:05:27,507 - INFO - Total time: 1.8 seconds
2025-07-16 18:05:27,507 - INFO - Files processed: 30
2025-07-16 18:05:27,507 - INFO - Total documents: 750
2025-07-16 18:05:27,507 - INFO - Processed documents: 750
2025-07-16 18:05:27,507 - INFO - Skipped documents: 0
2025-07-16 18:05:27,508 - INFO - 
Database size: 251.88 MB
2025-07-16 18:05:27,508 - INFO - Location: ../backend/data/processed/processed_documents.db
2025-07-16 18:06:44,949 - INFO - MASSIVE DATA PREPROCESSOR [20GB+ MODE]
2025-07-16 18:06:44,949 - INFO - Workers: 8 | Batch size: 50,000
2025-07-16 18:06:44,949 - INFO - Input: ../../Data/Raw | Output: ../backend/data/processed
2025-07-16 18:06:44,950 - INFO - Found 30 files to process
2025-07-16 18:06:45,007 - INFO - Database writer started...
2025-07-16 18:06:46,597 - INFO - Creating database indexes...
2025-07-16 18:06:46,627 - INFO - Writer finished: 750 documents in 1.6 seconds
2025-07-16 18:06:46,652 - INFO - 
PROCESSING COMPLETE!
2025-07-16 18:06:46,653 - INFO - ============================================================
2025-07-16 18:06:46,653 - INFO - Total time: 1.7 seconds
2025-07-16 18:06:46,653 - INFO - Files processed: 30
2025-07-16 18:06:46,653 - INFO - Total documents: 750
2025-07-16 18:06:46,653 - INFO - Processed documents: 750
2025-07-16 18:06:46,653 - INFO - Skipped documents: 0
2025-07-16 18:06:46,654 - INFO - 
Database size: 14.75 MB
2025-07-16 18:06:46,654 - INFO - Location: ../backend/data/processed/processed_documents.db
2025-07-17 08:20:07,071 - INFO - MASSIVE DATA PREPROCESSOR [20GB+ MODE]
2025-07-17 08:20:07,072 - INFO - Workers: 8 | Batch size: 50,000
2025-07-17 08:20:07,072 - INFO - Input: ../../RawTMLdata | Output: ../backend/data/processed
2025-07-17 08:20:07,073 - ERROR - No JSON files found
2025-07-17 08:20:58,316 - INFO - MASSIVE DATA PREPROCESSOR [20GB+ MODE]
2025-07-17 08:20:58,316 - INFO - Workers: 8 | Batch size: 50,000
2025-07-17 08:20:58,317 - INFO - Input: ../../RawHTMLdata | Output: ../backend/data/processed
2025-07-17 08:20:58,318 - INFO - Found 291 files to process
2025-07-17 08:20:58,467 - INFO - Database writer started...
2025-07-17 08:21:05,840 - INFO - Creating database indexes...
2025-07-17 08:21:05,906 - INFO - Writer finished: 6812 documents in 7.4 seconds
2025-07-17 08:21:05,017 - INFO - 
PROCESSING COMPLETE!
2025-07-17 08:21:05,018 - INFO - ============================================================
2025-07-17 08:21:05,018 - INFO - Total time: 6.6 seconds
2025-07-17 08:21:05,018 - INFO - Files processed: 291
2025-07-17 08:21:05,018 - INFO - Total documents: 6,950
2025-07-17 08:21:05,018 - INFO - Processed documents: 6,812
2025-07-17 08:21:05,018 - INFO - Skipped documents: 138
2025-07-17 08:21:05,018 - INFO - 
SKIP REASONS:
2025-07-17 08:21:05,019 - INFO -   Content too short (0 < 200): 15
2025-07-17 08:21:05,019 - INFO -   Content too short (37 < 200): 11
2025-07-17 08:21:05,019 - INFO -   Content too short (45 < 200): 9
2025-07-17 08:21:05,019 - INFO -   Content too short (64 < 200): 5
2025-07-17 08:21:05,019 - INFO -   Content too short (151 < 200): 5
2025-07-17 08:21:05,019 - INFO -   Content too short (11 < 200): 4
2025-07-17 08:21:05,019 - INFO -   Content too short (185 < 200): 4
2025-07-17 08:21:05,019 - INFO -   Content too short (167 < 200): 4
2025-07-17 08:21:05,019 - INFO -   Content too short (61 < 200): 3
2025-07-17 08:21:05,019 - INFO -   Content too short (155 < 200): 3
2025-07-17 08:21:05,019 - INFO -   Content too short (18 < 200): 2
2025-07-17 08:21:05,019 - INFO -   Content too short (3 < 200): 2
2025-07-17 08:21:05,020 - INFO -   Content too short (81 < 200): 2
2025-07-17 08:21:05,020 - INFO -   Content too short (165 < 200): 2
2025-07-17 08:21:05,020 - INFO -   Non-English content: 2
2025-07-17 08:21:05,020 - INFO -   Content too short (15 < 200): 2
2025-07-17 08:21:05,020 - INFO -   Content too short (171 < 200): 2
2025-07-17 08:21:05,020 - INFO -   Content too short (96 < 200): 2
2025-07-17 08:21:05,020 - INFO -   Content too short (169 < 200): 2
2025-07-17 08:21:05,020 - INFO -   Content too short (168 < 200): 2
2025-07-17 08:21:05,020 - INFO -   Content too short (12 < 200): 2
2025-07-17 08:21:05,020 - INFO -   Content too short (72 < 200): 2
2025-07-17 08:21:05,020 - INFO -   Content too short (46 < 200): 2
2025-07-17 08:21:05,020 - INFO -   Content too short (129 < 200): 2
2025-07-17 08:21:05,020 - INFO -   Content too short (19 < 200): 2
2025-07-17 08:21:05,021 - INFO -   Content too short (170 < 200): 2
2025-07-17 08:21:05,021 - INFO -   Content too short (113 < 200): 1
2025-07-17 08:21:05,021 - INFO -   Content too short (57 < 200): 1
2025-07-17 08:21:05,021 - INFO -   Content too short (66 < 200): 1
2025-07-17 08:21:05,021 - INFO -   Content too short (134 < 200): 1
2025-07-17 08:21:05,021 - INFO -   Content too short (99 < 200): 1
2025-07-17 08:21:05,021 - INFO -   Content too short (173 < 200): 1
2025-07-17 08:21:05,021 - INFO -   Content too short (7 < 200): 1
2025-07-17 08:21:05,021 - INFO -   Content too short (142 < 200): 1
2025-07-17 08:21:05,021 - INFO -   Content too short (1 < 200): 1
2025-07-17 08:21:05,021 - INFO -   Content too short (144 < 200): 1
2025-07-17 08:21:05,021 - INFO -   Content too short (77 < 200): 1
2025-07-17 08:21:05,021 - INFO -   Content too short (123 < 200): 1
2025-07-17 08:21:05,021 - INFO -   Content too short (55 < 200): 1
2025-07-17 08:21:05,021 - INFO -   Content too short (22 < 200): 1
2025-07-17 08:21:05,022 - INFO -   Content too short (156 < 200): 1
2025-07-17 08:21:05,022 - INFO -   Content too short (89 < 200): 1
2025-07-17 08:21:05,022 - INFO -   Content too short (62 < 200): 1
2025-07-17 08:21:05,022 - INFO -   Content too short (161 < 200): 1
2025-07-17 08:21:05,022 - INFO -   Content too short (26 < 200): 1
2025-07-17 08:21:05,022 - INFO -   Content too short (59 < 200): 1
2025-07-17 08:21:05,022 - INFO -   Content too short (197 < 200): 1
2025-07-17 08:21:05,022 - INFO -   Content too short (78 < 200): 1
2025-07-17 08:21:05,022 - INFO -   Content too short (162 < 200): 1
2025-07-17 08:21:05,022 - INFO -   Content too short (32 < 200): 1
2025-07-17 08:21:05,022 - INFO -   Content too short (120 < 200): 1
2025-07-17 08:21:05,022 - INFO -   Content too short (29 < 200): 1
2025-07-17 08:21:05,022 - INFO -   Content too short (47 < 200): 1
2025-07-17 08:21:05,022 - INFO -   Content too short (160 < 200): 1
2025-07-17 08:21:05,022 - INFO -   Content too short (33 < 200): 1
2025-07-17 08:21:05,022 - INFO -   Content too short (49 < 200): 1
2025-07-17 08:21:05,022 - INFO -   Content too short (80 < 200): 1
2025-07-17 08:21:05,022 - INFO -   Content too short (60 < 200): 1
2025-07-17 08:21:05,022 - INFO -   Content too short (9 < 200): 1
2025-07-17 08:21:05,022 - INFO -   Content too short (41 < 200): 1
2025-07-17 08:21:05,023 - INFO -   Content too short (198 < 200): 1
2025-07-17 08:21:05,023 - INFO -   Content too short (107 < 200): 1
2025-07-17 08:21:05,023 - INFO -   Content too short (195 < 200): 1
2025-07-17 08:21:05,023 - INFO -   Content too short (58 < 200): 1
2025-07-17 08:21:05,023 - INFO -   Content too short (68 < 200): 1
2025-07-17 08:21:05,023 - INFO -   Content too short (39 < 200): 1
2025-07-17 08:21:05,023 - INFO -   Content too short (76 < 200): 1
2025-07-17 08:21:05,023 - INFO -   Content too short (28 < 200): 1
2025-07-17 08:21:05,023 - INFO -   Content too short (35 < 200): 1
2025-07-17 08:21:05,028 - INFO - 
Sample skipped document saved to: ../backend/data/processed/sample_skipped_doc.json
2025-07-17 08:21:05,029 - INFO - 
Database size: 43.77 MB
2025-07-17 08:21:05,029 - INFO - Location: ../backend/data/processed/processed_documents.db
2025-07-17 08:23:22,725 - INFO - MASSIVE DATA PREPROCESSOR [20GB+ MODE]
2025-07-17 08:23:22,725 - INFO - Workers: 8 | Batch size: 50,000
2025-07-17 08:23:22,725 - INFO - Input: ../../RawHTMLdata | Output: ../backend/data/processed
2025-07-17 08:23:22,730 - INFO - Found 291 files to process
2025-07-17 08:23:22,797 - INFO - Database writer started...
2025-07-17 08:23:30,067 - INFO - Creating database indexes...
2025-07-17 08:23:30,127 - INFO - Writer finished: 6812 documents in 7.3 seconds
2025-07-17 08:23:30,263 - INFO - 
PROCESSING COMPLETE!
2025-07-17 08:23:30,263 - INFO - ============================================================
2025-07-17 08:23:30,264 - INFO - Total time: 7.5 seconds
2025-07-17 08:23:30,264 - INFO - Files processed: 291
2025-07-17 08:23:30,264 - INFO - Total documents: 6,950
2025-07-17 08:23:30,264 - INFO - Processed documents: 6,812
2025-07-17 08:23:30,264 - INFO - Skipped documents: 138
2025-07-17 08:23:30,264 - INFO - 
SKIP REASONS:
2025-07-17 08:23:30,264 - INFO -   Content too short (0 < 200): 15
2025-07-17 08:23:30,264 - INFO -   Content too short (37 < 200): 11
2025-07-17 08:23:30,264 - INFO -   Content too short (45 < 200): 9
2025-07-17 08:23:30,264 - INFO -   Content too short (64 < 200): 5
2025-07-17 08:23:30,264 - INFO -   Content too short (151 < 200): 5
2025-07-17 08:23:30,264 - INFO -   Content too short (11 < 200): 4
2025-07-17 08:23:30,264 - INFO -   Content too short (185 < 200): 4
2025-07-17 08:23:30,264 - INFO -   Content too short (167 < 200): 4
2025-07-17 08:23:30,264 - INFO -   Content too short (61 < 200): 3
2025-07-17 08:23:30,264 - INFO -   Content too short (155 < 200): 3
2025-07-17 08:23:30,264 - INFO -   Content too short (3 < 200): 2
2025-07-17 08:23:30,265 - INFO -   Content too short (18 < 200): 2
2025-07-17 08:23:30,265 - INFO -   Content too short (81 < 200): 2
2025-07-17 08:23:30,265 - INFO -   Content too short (165 < 200): 2
2025-07-17 08:23:30,265 - INFO -   Non-English content: 2
2025-07-17 08:23:30,265 - INFO -   Content too short (15 < 200): 2
2025-07-17 08:23:30,265 - INFO -   Content too short (171 < 200): 2
2025-07-17 08:23:30,265 - INFO -   Content too short (96 < 200): 2
2025-07-17 08:23:30,265 - INFO -   Content too short (169 < 200): 2
2025-07-17 08:23:30,265 - INFO -   Content too short (168 < 200): 2
2025-07-17 08:23:30,265 - INFO -   Content too short (12 < 200): 2
2025-07-17 08:23:30,265 - INFO -   Content too short (72 < 200): 2
2025-07-17 08:23:30,265 - INFO -   Content too short (46 < 200): 2
2025-07-17 08:23:30,266 - INFO -   Content too short (129 < 200): 2
2025-07-17 08:23:30,266 - INFO -   Content too short (19 < 200): 2
2025-07-17 08:23:30,266 - INFO -   Content too short (170 < 200): 2
2025-07-17 08:23:30,266 - INFO -   Content too short (113 < 200): 1
2025-07-17 08:23:30,266 - INFO -   Content too short (57 < 200): 1
2025-07-17 08:23:30,266 - INFO -   Content too short (66 < 200): 1
2025-07-17 08:23:30,266 - INFO -   Content too short (134 < 200): 1
2025-07-17 08:23:30,266 - INFO -   Content too short (173 < 200): 1
2025-07-17 08:23:30,266 - INFO -   Content too short (99 < 200): 1
2025-07-17 08:23:30,266 - INFO -   Content too short (7 < 200): 1
2025-07-17 08:23:30,266 - INFO -   Content too short (142 < 200): 1
2025-07-17 08:23:30,266 - INFO -   Content too short (77 < 200): 1
2025-07-17 08:23:30,266 - INFO -   Content too short (1 < 200): 1
2025-07-17 08:23:30,266 - INFO -   Content too short (144 < 200): 1
2025-07-17 08:23:30,267 - INFO -   Content too short (123 < 200): 1
2025-07-17 08:23:30,267 - INFO -   Content too short (55 < 200): 1
2025-07-17 08:23:30,267 - INFO -   Content too short (22 < 200): 1
2025-07-17 08:23:30,267 - INFO -   Content too short (156 < 200): 1
2025-07-17 08:23:30,267 - INFO -   Content too short (89 < 200): 1
2025-07-17 08:23:30,267 - INFO -   Content too short (62 < 200): 1
2025-07-17 08:23:30,267 - INFO -   Content too short (161 < 200): 1
2025-07-17 08:23:30,267 - INFO -   Content too short (26 < 200): 1
2025-07-17 08:23:30,267 - INFO -   Content too short (59 < 200): 1
2025-07-17 08:23:30,267 - INFO -   Content too short (197 < 200): 1
2025-07-17 08:23:30,267 - INFO -   Content too short (78 < 200): 1
2025-07-17 08:23:30,267 - INFO -   Content too short (162 < 200): 1
2025-07-17 08:23:30,267 - INFO -   Content too short (32 < 200): 1
2025-07-17 08:23:30,267 - INFO -   Content too short (120 < 200): 1
2025-07-17 08:23:30,267 - INFO -   Content too short (29 < 200): 1
2025-07-17 08:23:30,268 - INFO -   Content too short (47 < 200): 1
2025-07-17 08:23:30,268 - INFO -   Content too short (160 < 200): 1
2025-07-17 08:23:30,268 - INFO -   Content too short (33 < 200): 1
2025-07-17 08:23:30,268 - INFO -   Content too short (80 < 200): 1
2025-07-17 08:23:30,268 - INFO -   Content too short (49 < 200): 1
2025-07-17 08:23:30,268 - INFO -   Content too short (9 < 200): 1
2025-07-17 08:23:30,268 - INFO -   Content too short (41 < 200): 1
2025-07-17 08:23:30,268 - INFO -   Content too short (60 < 200): 1
2025-07-17 08:23:30,268 - INFO -   Content too short (198 < 200): 1
2025-07-17 08:23:30,268 - INFO -   Content too short (195 < 200): 1
2025-07-17 08:23:30,268 - INFO -   Content too short (58 < 200): 1
2025-07-17 08:23:30,268 - INFO -   Content too short (107 < 200): 1
2025-07-17 08:23:30,268 - INFO -   Content too short (68 < 200): 1
2025-07-17 08:23:30,268 - INFO -   Content too short (39 < 200): 1
2025-07-17 08:23:30,269 - INFO -   Content too short (76 < 200): 1
2025-07-17 08:23:30,269 - INFO -   Content too short (28 < 200): 1
2025-07-17 08:23:30,269 - INFO -   Content too short (35 < 200): 1
2025-07-17 08:23:30,269 - INFO - 
Sample skipped document saved to: ../backend/data/processed/sample_skipped_doc.json
2025-07-17 08:23:30,270 - INFO - 
Database size: 43.88 MB
2025-07-17 08:23:30,270 - INFO - Location: ../backend/data/processed/processed_documents.db
